<?xml version="1.0" encoding="UTF-8"?>
<!-- Generated by org.testng.reporters.JUnitXMLReporter -->
<testsuite ignored="0" hostname="DESKTOP-1IHFUVG" failures="0" tests="1" name="Test-Case-2" time="21.698" errors="0" timestamp="2020-03-09T00:53:40 PST">
  <testcase classname="testsuites.TC2_CreateAnAccountUsingAnExistingEmail" name="createAnAccountUsingAnExistingEmail" time="3.791"/>
</testsuite> <!-- Test-Case-2 -->
