<?xml version="1.0" encoding="UTF-8"?>
<!-- Generated by org.testng.reporters.JUnitXMLReporter -->
<testsuite ignored="0" hostname="DESKTOP-1IHFUVG" failures="0" tests="1" name="Test-Case-3" time="28.338" errors="0" timestamp="2020-03-09T00:54:08 PST">
  <testcase classname="testsuites.TC3_AddAndRemoveItem" name="addAndRemoveItem" time="10.064"/>
</testsuite> <!-- Test-Case-3 -->
