<?xml version="1.0" encoding="UTF-8"?>
<!-- Generated by org.testng.reporters.JUnitXMLReporter -->
<testsuite ignored="0" hostname="DESKTOP-1IHFUVG" failures="0" tests="1" name="Test-Case-1" time="25.013" errors="0" timestamp="2020-03-09T00:53:18 PST">
  <testcase classname="testsuites.TC1_SendMessageToCustomerService" name="sendMessageToCustomerService" time="4.058"/>
</testsuite> <!-- Test-Case-1 -->
