<?xml version="1.0" encoding="UTF-8"?>
<!-- Generated by org.testng.reporters.JUnitReportReporter -->
<testsuite hostname="DESKTOP-1IHFUVG" failures="0" tests="1" name="testsuites.PlanIT" time="18.645" errors="0" timestamp="2020-03-08T14:52:07 PST" skipped="0">
  <testcase classname="testsuites.PlanIT" name="testMethod1" time="18.645"/>
</testsuite> <!-- testsuites.PlanIT -->
