<?xml version="1.0" encoding="UTF-8"?>
<!-- Generated by org.testng.reporters.JUnitReportReporter -->
<testsuite skipped="0" hostname="NOCQA-2011" name="testsuites.test" tests="1" failures="0" timestamp="2019-09-11T18:26:06 SGT" time="0.670" errors="0">
  <testcase name="testMethod" time="0.670" classname="testsuites.test"/>
</testsuite> <!-- testsuites.test -->
