<?xml version="1.0" encoding="UTF-8"?>
<!-- Generated by org.testng.reporters.JUnitReportReporter -->
<testsuite skipped="0" hostname="NOCQA-2011" name="testsuites.Atlassian" tests="1" failures="0" timestamp="2020-03-05T11:47:12 SGT" time="24.225" errors="0">
  <testcase name="testMethod1" time="24.225" classname="testsuites.Atlassian"/>
</testsuite> <!-- testsuites.Atlassian -->
