<?xml version="1.0" encoding="UTF-8"?>
<!-- Generated by org.testng.reporters.JUnitReportReporter -->
<testsuite hostname="NOCQA-2011" failures="0" tests="1" name="testsuites.TestCase3" time="20.984" errors="0" timestamp="2019-11-25T18:13:13 SGT" skipped="0">
  <testcase classname="testsuites.TestCase3" name="testMethod1" time="20.984"/>
</testsuite> <!-- testsuites.TestCase3 -->
