<?xml version="1.0" encoding="UTF-8"?>
<!-- Generated by org.testng.reporters.JUnitReportReporter -->
<testsuite hostname="DESKTOP-1IHFUVG" failures="0" tests="1" name="testsuites.TC3_AddAndRemoveItem" time="10.064" errors="0" timestamp="2020-03-09T00:54:08 PST" skipped="0">
  <testcase classname="testsuites.TC3_AddAndRemoveItem" name="addAndRemoveItem" time="10.064"/>
</testsuite> <!-- testsuites.TC3_AddAndRemoveItem -->
