<?xml version="1.0" encoding="UTF-8"?>
<!-- Generated by org.testng.reporters.JUnitReportReporter -->
<testsuite hostname="DESKTOP-1IHFUVG" failures="0" tests="1" name="testsuites.TC1_SendMessageToCustomerService" time="4.058" errors="0" timestamp="2020-03-09T00:54:08 PST" skipped="0">
  <testcase classname="testsuites.TC1_SendMessageToCustomerService" name="sendMessageToCustomerService" time="4.058"/>
</testsuite> <!-- testsuites.TC1_SendMessageToCustomerService -->
