<?xml version="1.0" encoding="UTF-8"?>
<!-- Generated by org.testng.reporters.JUnitReportReporter -->
<testsuite skipped="0" hostname="NOCQA-2011" name="testsuites.AssertionSample" tests="2" failures="0" timestamp="2019-09-18T18:47:35 SGT" time="0.009" errors="0">
  <testcase name="sampletest2" time="0.000" classname="testsuites.AssertionSample"/>
  <testcase name="sampletest1" time="0.009" classname="testsuites.AssertionSample"/>
</testsuite> <!-- testsuites.AssertionSample -->
