<?xml version="1.0" encoding="UTF-8"?>
<!-- Generated by org.testng.reporters.JUnitReportReporter -->
<testsuite hostname="DESKTOP-1IHFUVG" failures="0" tests="1" name="testsuites.TC2_CreateAnAccountUsingAnExistingEmail" time="3.791" errors="0" timestamp="2020-03-09T00:54:08 PST" skipped="0">
  <testcase classname="testsuites.TC2_CreateAnAccountUsingAnExistingEmail" name="createAnAccountUsingAnExistingEmail" time="3.791"/>
</testsuite> <!-- testsuites.TC2_CreateAnAccountUsingAnExistingEmail -->
